$ sudo gatttool -b 78:C5:E5:6E:57:CC -I                                                                    
[   ][78:C5:E5:6E:57:CC][LE]> connect
[CON][78:C5:E5:6E:57:CC][LE]> primary
[CON][78:C5:E5:6E:57:CC][LE]> 
attr handle: 0x0001, end grp handle: 0x000b uuid: 00001800-0000-1000-8000-00805f9b34fb
attr handle: 0x000c, end grp handle: 0x000f uuid: 00001801-0000-1000-8000-00805f9b34fb
attr handle: 0x0010, end grp handle: 0x0022 uuid: 0000180a-0000-1000-8000-00805f9b34fb
attr handle: 0x0023, end grp handle: 0x002a uuid: f000aa00-0451-4000-b000-000000000000
attr handle: 0x002b, end grp handle: 0x0035 uuid: f000aa10-0451-4000-b000-000000000000
attr handle: 0x0036, end grp handle: 0x003d uuid: f000aa20-0451-4000-b000-000000000000
attr handle: 0x003e, end grp handle: 0x0048 uuid: f000aa30-0451-4000-b000-000000000000
attr handle: 0x0049, end grp handle: 0x0054 uuid: f000aa40-0451-4000-b000-000000000000
attr handle: 0x0055, end grp handle: 0x005c uuid: f000aa50-0451-4000-b000-000000000000
attr handle: 0x005d, end grp handle: 0x0061 uuid: 0000ffe0-0000-1000-8000-00805f9b34fb
attr handle: 0x0062, end grp handle: 0x0068 uuid: f000aa60-0451-4000-b000-000000000000
attr handle: 0x0069, end grp handle: 0xffff uuid: f000ffc0-0451-4000-b000-000000000000
[CON][78:C5:E5:6E:57:CC][LE]> char-read-hnd 38
[CON][78:C5:E5:6E:57:CC][LE]> 
Characteristic value/descriptor: 00 00 00 00 
[CON][78:C5:E5:6E:57:CC][LE]> char-write-req 3c 01
[CON][78:C5:E5:6E:57:CC][LE]> Characteristic value was written successfully

[CON][78:C5:E5:6E:57:CC][LE]> char-read-hnd 38                                                                                                                
[CON][78:C5:E5:6E:57:CC][LE]> 
Characteristic value/descriptor: 48 6d 12 45 
[CON][78:C5:E5:6E:57:CC][LE]> char-read-hnd 38
[CON][78:C5:E5:6E:57:CC][LE]> 
Characteristic value/descriptor: 48 6d 3a 45 
[CON][78:C5:E5:6E:57:CC][LE]> char-read-hnd 38
[CON][78:C5:E5:6E:57:CC][LE]> 
Characteristic value/descriptor: 48 6d 3a 45 
[CON][78:C5:E5:6E:57:CC][LE]> char-read-hnd 38                                                                                                       [52/1887]
[CON][78:C5:E5:6E:57:CC][LE]> 
Characteristic value/descriptor: 48 6d 3a 45 
[CON][78:C5:E5:6E:57:CC][LE]> char-write-req 39 0100
[CON][78:C5:E5:6E:57:CC][LE]> Characteristic value was written successfully

Notification handle = 0x0038 value: e4 6c fa 45 
[CON][78:C5:E5:6E:57:CC][LE]> 
Notification handle = 0x0038 value: c4 6c fa 45 
[CON][78:C5:E5:6E:57:CC][LE]> 
Notification handle = 0x0038 value: c4 6c fa 45 
[CON][78:C5:E5:6E:57:CC][LE]> 
Notification handle = 0x0038 value: c4 6c 26 46 
[CON][78:C5:E5:6E:57:CC][LE]> 
Notification handle = 0x0038 value: c4 6c 26 46 
[CON][78:C5:E5:6E:57:CC][LE]> 
Notification handle = 0x0038 value: c4 6c 4e 46 
[CON][78:C5:E5:6E:57:CC][LE]> 
Notification handle = 0x0038 value: a4 6c 4e 46 
[CON][78:C5:E5:6E:57:CC][LE]> 
Notification handle = 0x0038 value: a4 6c 3e 46 
[CON][78:C5:E5:6E:57:CC][LE]> 
Notification handle = 0x0038 value: a4 6c 3e 46 
[CON][78:C5:E5:6E:57:CC][LE]> 
Notification handle = 0x0038 value: a4 6c 3e 46 
[CON][78:C5:E5:6E:57:CC][LE]> 
Notification handle = 0x0038 value: a4 6c 66 46 
[CON][78:C5:E5:6E:57:CC][LE]> 
Notification handle = 0x0038 value: a4 6c 66 46 
[CON][78:C5:E5:6E:57:CC][LE]> 
Notification handle = 0x0038 value: 84 6c 66 46 
[CON][78:C5:E5:6E:57:CC][LE]> 
Notification handle = 0x0038 value: 84 6c 66 46 
[CON][78:C5:E5:6E:57:CC][LE]> 
Notification handle = 0x0038 value: 84 6c 92 46 
